<?xml version="1.0" encoding="UTF-8" ?>
<testsuite failures="0" time="9.541" errors="2" skipped="0" tests="2" name="junit.framework.TestSuite@57d62a85">
  <properties>
[...]
</properties>
  <testcase time="9.476" classname="org.myproject.tutorial.client.GwtTestgwtmodule" name="testFieldVerifier">
    <error message="class org.myproject.tutorial.server.GreetingServiceImpl" type="java.lang.ClassCastException">java.lang.ClassCastException: class org.myproject.tutorial.server.GreetingServiceImpl
	at java.lang.Class.asSubclass(Class.java:3208)
	at com.google.gwt.junit.JUnitShell.maybeCompileForWebMode(JUnitShell.java:1122)
	at com.google.gwt.junit.CompileStrategy.maybeCompileModuleImpl2(CompileStrategy.java:184)
	at com.google.gwt.junit.CompileStrategy.maybeCompileModuleImpl(CompileStrategy.java:113)
	at com.google.gwt.junit.SimpleCompileStrategy.maybeCompileModule(SimpleCompileStrategy.java:36)
	at com.google.gwt.junit.JUnitShell.runTestImpl(JUnitShell.java:1316)
	at com.google.gwt.junit.JUnitShell.runTestImpl(JUnitShell.java:1284)
	at com.google.gwt.junit.JUnitShell.runTest(JUnitShell.java:678)
	at com.google.gwt.junit.client.GWTTestCase.runTest(GWTTestCase.java:421)
	at junit.framework.TestCase.runBare(TestCase.java:134)
	at junit.framework.TestResult$1.protect(TestResult.java:110)
	at junit.framework.TestResult.runProtected(TestResult.java:128)
	at junit.framework.TestResult.run(TestResult.java:113)
	at junit.framework.TestCase.run(TestCase.java:124)
	at com.google.gwt.junit.client.GWTTestCase.run(GWTTestCase.java:247)
	at junit.framework.TestSuite.runTest(TestSuite.java:232)
	at junit.framework.TestSuite.run(TestSuite.java:227)
	at junit.framework.TestSuite.runTest(TestSuite.java:232)
	at junit.framework.TestSuite.run(TestSuite.java:227)
	at org.codehaus.mojo.gwt.test.MavenTestRunner.doRun(MavenTestRunner.java:105)
	at junit.textui.TestRunner.start(TestRunner.java:180)
	at org.codehaus.mojo.gwt.test.MavenTestRunner.main(MavenTestRunner.java:63)
</error>
  </testcase>
  <testcase time="0" classname="org.myproject.tutorial.client.GwtTestgwtmodule" name="testGreetingService">
    <error message="class org.myproject.tutorial.server.GreetingServiceImpl" type="java.lang.ClassCastException">java.lang.ClassCastException: class org.myproject.tutorial.server.GreetingServiceImpl
	at java.lang.Class.asSubclass(Class.java:3208)
	at com.google.gwt.junit.JUnitShell.maybeCompileForWebMode(JUnitShell.java:1122)
	at com.google.gwt.junit.CompileStrategy.maybeCompileModuleImpl2(CompileStrategy.java:184)
	at com.google.gwt.junit.CompileStrategy.maybeCompileModuleImpl(CompileStrategy.java:113)
	at com.google.gwt.junit.SimpleCompileStrategy.maybeCompileModule(SimpleCompileStrategy.java:36)
	at com.google.gwt.junit.JUnitShell.runTestImpl(JUnitShell.java:1316)
	at com.google.gwt.junit.JUnitShell.runTestImpl(JUnitShell.java:1284)
	at com.google.gwt.junit.JUnitShell.runTest(JUnitShell.java:678)
	at com.google.gwt.junit.client.GWTTestCase.runTest(GWTTestCase.java:421)
	at junit.framework.TestCase.runBare(TestCase.java:134)
	at junit.framework.TestResult$1.protect(TestResult.java:110)
	at junit.framework.TestResult.runProtected(TestResult.java:128)
	at junit.framework.TestResult.run(TestResult.java:113)
	at junit.framework.TestCase.run(TestCase.java:124)
	at com.google.gwt.junit.client.GWTTestCase.run(GWTTestCase.java:247)
	at junit.framework.TestSuite.runTest(TestSuite.java:232)
	at junit.framework.TestSuite.run(TestSuite.java:227)
	at junit.framework.TestSuite.runTest(TestSuite.java:232)
	at junit.framework.TestSuite.run(TestSuite.java:227)
	at org.codehaus.mojo.gwt.test.MavenTestRunner.doRun(MavenTestRunner.java:105)
	at junit.textui.TestRunner.start(TestRunner.java:180)
	at org.codehaus.mojo.gwt.test.MavenTestRunner.main(MavenTestRunner.java:63)
</error>
  </testcase>
</testsuite>